# JRE version: Java(TM) SE Runtime Environment (8.0_202-b03) (build 1.8.0_202-ea-b03)
# Java VM: Java HotSpot(TM) 64-Bit Server VM (25.202-b03 mixed mode bsd-amd64 compressed oops)
Heap:
 PSYoungGen      total 921600K, used 871883K [0x000000076ab00000, 0x00000007c0000000, 0x00000007c0000000)
  eden space 564224K, 100% used [0x000000076ab00000,0x000000078d200000,0x000000078d200000)
  from space 357376K, 86% used [0x00000007aa300000,0x00000007bcf72e50,0x00000007c0000000)
  to   space 416768K, 42% used [0x000000078d200000,0x0000000797ebb6b8,0x00000007a6900000)
 ParOldGen       total 333824K, used 205019K [0x00000006c0000000, 0x00000006d4600000, 0x000000076ab00000)
  object space 333824K, 61% used [0x00000006c0000000,0x00000006cc836ec0,0x00000006d4600000)
 Metaspace       used 178938K, capacity 201623K, committed 201984K, reserved 1228800K
  class space    used 21935K, capacity 23183K, committed 23296K, reserved 1048576K
GC Heap History (10 events):
Event: 4143.163 GC heap after
Heap after GC invocations=60 (full 6):
 PSYoungGen      total 1019904K, used 200828K [0x000000076ab00000, 0x00000007bb680000, 0x00000007c0000000)
  eden space 763392K, 0% used [0x000000076ab00000,0x000000076ab00000,0x0000000799480000)
  from space 256512K, 78% used [0x00000007a9f80000,0x00000007b639f2b8,0x00000007b9a00000)
  to   space 273408K, 0% used [0x0000000799480000,0x0000000799480000,0x00000007a9f80000)
 ParOldGen       total 333824K, used 174373K [0x00000006c0000000, 0x00000006d4600000, 0x000000076ab00000)
  object space 333824K, 52% used [0x00000006c0000000,0x00000006caa496e8,0x00000006d4600000)
 Metaspace       used 178467K, capacity 201013K, committed 201088K, reserved 1226752K
  class space    used 21904K, capacity 23154K, committed 23168K, reserved 1048576K
}
Event: 4550.190 GC heap before
{Heap before GC invocations=61 (full 6):
 PSYoungGen      total 1019904K, used 964220K [0x000000076ab00000, 0x00000007bb680000, 0x00000007c0000000)
  eden space 763392K, 100% used [0x000000076ab00000,0x0000000799480000,0x0000000799480000)
  from space 256512K, 78% used [0x00000007a9f80000,0x00000007b639f2b8,0x00000007b9a00000)
  to   space 273408K, 0% used [0x0000000799480000,0x0000000799480000,0x00000007a9f80000)
 ParOldGen       total 333824K, used 174373K [0x00000006c0000000, 0x00000006d4600000, 0x000000076ab00000)
  object space 333824K, 52% used [0x00000006c0000000,0x00000006caa496e8,0x00000006d4600000)
 Metaspace       used 178523K, capacity 201107K, committed 201344K, reserved 1226752K
  class space    used 21913K, capacity 23159K, committed 23168K, reserved 1048576K
Event: 4550.324 GC heap after
Heap after GC invocations=61 (full 6):
 PSYoungGen      total 1036800K, used 237415K [0x000000076ab00000, 0x00000007bed00000, 0x00000007c0000000)
  eden space 763392K, 0% used [0x000000076ab00000,0x000000076ab00000,0x0000000799480000)
  from space 273408K, 86% used [0x0000000799480000,0x00000007a7c59d80,0x00000007a9f80000)
  to   space 300032K, 0% used [0x00000007ac800000,0x00000007ac800000,0x00000007bed00000)
 ParOldGen       total 333824K, used 174381K [0x00000006c0000000, 0x00000006d4600000, 0x000000076ab00000)
  object space 333824K, 52% used [0x00000006c0000000,0x00000006caa4b6e8,0x00000006d4600000)
 Metaspace       used 178523K, capacity 201107K, committed 201344K, reserved 1226752K
  class space    used 21913K, capacity 23159K, committed 23168K, reserved 1048576K
}
Event: 4800.173 GC heap before
{Heap before GC invocations=62 (full 6):
 PSYoungGen      total 1036800K, used 1000807K [0x000000076ab00000, 0x00000007bed00000, 0x00000007c0000000)
  eden space 763392K, 100% used [0x000000076ab00000,0x0000000799480000,0x0000000799480000)
  from space 273408K, 86% used [0x0000000799480000,0x00000007a7c59d80,0x00000007a9f80000)
  to   space 300032K, 0% used [0x00000007ac800000,0x00000007ac800000,0x00000007bed00000)
 ParOldGen       total 333824K, used 174381K [0x00000006c0000000, 0x00000006d4600000, 0x000000076ab00000)
  object space 333824K, 52% used [0x00000006c0000000,0x00000006caa4b6e8,0x00000006d4600000)
 Metaspace       used 178658K, capacity 201279K, committed 201344K, reserved 1226752K
  class space    used 21921K, capacity 23167K, committed 23168K, reserved 1048576K
Event: 4800.298 GC heap after
Heap after GC invocations=62 (full 6):
 PSYoungGen      total 1013760K, used 293242K [0x000000076ab00000, 0x00000007c0000000, 0x00000007c0000000)
  eden space 713728K, 0% used [0x000000076ab00000,0x000000076ab00000,0x0000000796400000)
  from space 300032K, 97% used [0x00000007ac800000,0x00000007be65e800,0x00000007bed00000)
  to   space 342016K, 0% used [0x0000000796400000,0x0000000796400000,0x00000007ab200000)
 ParOldGen       total 333824K, used 174381K [0x00000006c0000000, 0x00000006d4600000, 0x000000076ab00000)
  object space 333824K, 52% used [0x00000006c0000000,0x00000006caa4b6e8,0x00000006d4600000)
 Metaspace       used 178658K, capacity 201279K, committed 201344K, reserved 1226752K
  class space    used 21921K, capacity 23167K, committed 23168K, reserved 1048576K
}
Event: 4809.269 GC heap before
{Heap before GC invocations=63 (full 6):
 PSYoungGen      total 1013760K, used 1006970K [0x000000076ab00000, 0x00000007c0000000, 0x00000007c0000000)
  eden space 713728K, 100% used [0x000000076ab00000,0x0000000796400000,0x0000000796400000)
  from space 300032K, 97% used [0x00000007ac800000,0x00000007be65e800,0x00000007bed00000)
  to   space 342016K, 0% used [0x0000000796400000,0x0000000796400000,0x00000007ab200000)
 ParOldGen       total 333824K, used 174381K [0x00000006c0000000, 0x00000006d4600000, 0x000000076ab00000)
  object space 333824K, 52% used [0x00000006c0000000,0x00000006caa4b6e8,0x00000006d4600000)
 Metaspace       used 178772K, capacity 201387K, committed 201728K, reserved 1228800K
  class space    used 21928K, capacity 23175K, committed 23296K, reserved 1048576K
Event: 4809.398 GC heap after
Heap after GC invocations=63 (full 6):
 PSYoungGen      total 1040384K, used 326207K [0x000000076ab00000, 0x00000007c0000000, 0x00000007c0000000)
  eden space 713728K, 0% used [0x000000076ab00000,0x000000076ab00000,0x0000000796400000)
  from space 326656K, 99% used [0x0000000796400000,0x00000007aa28fc90,0x00000007aa300000)
  to   space 357376K, 0% used [0x00000007aa300000,0x00000007aa300000,0x00000007c0000000)
 ParOldGen       total 333824K, used 174381K [0x00000006c0000000, 0x00000006d4600000, 0x000000076ab00000)
  object space 333824K, 52% used [0x00000006c0000000,0x00000006caa4b6e8,0x00000006d4600000)
 Metaspace       used 178772K, capacity 201387K, committed 201728K, reserved 1228800K
  class space    used 21928K, capacity 23175K, committed 23296K, reserved 1048576K
}
Event: 6143.308 GC heap before
{Heap before GC invocations=64 (full 6):
 PSYoungGen      total 1040384K, used 1039935K [0x000000076ab00000, 0x00000007c0000000, 0x00000007c0000000)
  eden space 713728K, 100% used [0x000000076ab00000,0x0000000796400000,0x0000000796400000)
  from space 326656K, 99% used [0x0000000796400000,0x00000007aa28fc90,0x00000007aa300000)
  to   space 357376K, 0% used [0x00000007aa300000,0x00000007aa300000,0x00000007c0000000)
 ParOldGen       total 333824K, used 174381K [0x00000006c0000000, 0x00000006d4600000, 0x000000076ab00000)
  object space 333824K, 52% used [0x00000006c0000000,0x00000006caa4b6e8,0x00000006d4600000)
 Metaspace       used 178862K, capacity 201559K, committed 201728K, reserved 1228800K
  class space    used 21935K, capacity 23183K, committed 23296K, reserved 1048576K
Event: 6144.098 GC heap after
Heap after GC invocations=64 (full 6):
 PSYoungGen      total 921600K, used 307659K [0x000000076ab00000, 0x00000007c0000000, 0x00000007c0000000)
  eden space 564224K, 0% used [0x000000076ab00000,0x000000076ab00000,0x000000078d200000)
  from space 357376K, 86% used [0x00000007aa300000,0x00000007bcf72e50,0x00000007c0000000)
  to   space 416768K, 0% used [0x000000078d200000,0x000000078d200000,0x00000007a6900000)
 ParOldGen       total 333824K, used 201192K [0x00000006c0000000, 0x00000006d4600000, 0x000000076ab00000)
  object space 333824K, 60% used [0x00000006c0000000,0x00000006cc47a078,0x00000006d4600000)
 Metaspace       used 178862K, capacity 201559K, committed 201728K, reserved 1228800K
  class space    used 21935K, capacity 23183K, committed 23296K, reserved 1048576K
}
Event: 6613.826 GC heap before
{Heap before GC invocations=65 (full 6):
 PSYoungGen      total 921600K, used 871883K [0x000000076ab00000, 0x00000007c0000000, 0x00000007c0000000)
  eden space 564224K, 100% used [0x000000076ab00000,0x000000078d200000,0x000000078d200000)
  from space 357376K, 86% used [0x00000007aa300000,0x00000007bcf72e50,0x00000007c0000000)
  to   space 416768K, 0% used [0x000000078d200000,0x000000078d200000,0x00000007a6900000)
 ParOldGen       total 333824K, used 201192K [0x00000006c0000000, 0x00000006d4600000, 0x000000076ab00000)
  object space 333824K, 60% used [0x00000006c0000000,0x00000006cc47a078,0x00000006d4600000)
 Metaspace       used 178938K, capacity 201623K, committed 201984K, reserved 1228800K
  class space    used 21935K, capacity 23183K, committed 23296K, reserved 1048576K

