# JRE version: OpenJDK Runtime Environment (8.0_191-b12) (build 1.8.0_191-8u191-b12-2ubuntu0.18.04.1-b12)
# Java VM: OpenJDK 64-Bit Server VM (25.191-b12 mixed mode linux-amd64 compressed oops)
Heap:
 PSYoungGen      total 343040K, used 0K [0x00000000e7000000, 0x00000000fff80000, 0x0000000100000000)
  eden space 276992K, 0% used [0x00000000e7000000,0x00000000e7000000,0x00000000f7e80000)
  from space 66048K, 0% used [0x00000000fbf00000,0x00000000fbf00000,0x00000000fff80000)
  to   space 66048K, 0% used [0x00000000f7e80000,0x00000000f7e80000,0x00000000fbf00000)
 ParOldGen       total 645632K, used 603455K [0x00000000b5000000, 0x00000000dc680000, 0x00000000e7000000)
  object space 645632K, 93% used [0x00000000b5000000,0x00000000d9d4fc80,0x00000000dc680000)
 Metaspace       used 153641K, capacity 174460K, committed 174632K, reserved 1204224K
  class space    used 19090K, capacity 20130K, committed 20264K, reserved 1048576K
GC Heap History (10 events):
Event: 3603.543 GC heap after
Heap after GC invocations=110 (full 22):
 PSYoungGen      total 320512K, used 36480K [0x00000000e7000000, 0x00000000ff500000, 0x0000000100000000)
  eden space 257024K, 0% used [0x00000000e7000000,0x00000000e7000000,0x00000000f6b00000)
  from space 63488K, 57% used [0x00000000fb700000,0x00000000fdaa0000,0x00000000ff500000)
  to   space 70656K, 0% used [0x00000000f6b00000,0x00000000f6b00000,0x00000000fb000000)
 ParOldGen       total 645632K, used 430502K [0x00000000b5000000, 0x00000000dc680000, 0x00000000e7000000)
  object space 645632K, 66% used [0x00000000b5000000,0x00000000cf4699a8,0x00000000dc680000)
 Metaspace       used 153437K, capacity 174332K, committed 174632K, reserved 1204224K
  class space    used 19089K, capacity 20130K, committed 20264K, reserved 1048576K
}
Event: 3604.523 GC heap before
{Heap before GC invocations=111 (full 22):
 PSYoungGen      total 320512K, used 293504K [0x00000000e7000000, 0x00000000ff500000, 0x0000000100000000)
  eden space 257024K, 100% used [0x00000000e7000000,0x00000000f6b00000,0x00000000f6b00000)
  from space 63488K, 57% used [0x00000000fb700000,0x00000000fdaa0000,0x00000000ff500000)
  to   space 70656K, 0% used [0x00000000f6b00000,0x00000000f6b00000,0x00000000fb000000)
 ParOldGen       total 645632K, used 430502K [0x00000000b5000000, 0x00000000dc680000, 0x00000000e7000000)
  object space 645632K, 66% used [0x00000000b5000000,0x00000000cf4699a8,0x00000000dc680000)
 Metaspace       used 153483K, capacity 174332K, committed 174632K, reserved 1204224K
  class space    used 19089K, capacity 20130K, committed 20264K, reserved 1048576K
Event: 3604.594 GC heap after
Heap after GC invocations=111 (full 22):
 PSYoungGen      total 327680K, used 40128K [0x00000000e7000000, 0x0000000100000000, 0x0000000100000000)
  eden space 257024K, 0% used [0x00000000e7000000,0x00000000e7000000,0x00000000f6b00000)
  from space 70656K, 56% used [0x00000000f6b00000,0x00000000f9230000,0x00000000fb000000)
  to   space 68608K, 0% used [0x00000000fbd00000,0x00000000fbd00000,0x0000000100000000)
 ParOldGen       total 645632K, used 467054K [0x00000000b5000000, 0x00000000dc680000, 0x00000000e7000000)
  object space 645632K, 72% used [0x00000000b5000000,0x00000000d181bb50,0x00000000dc680000)
 Metaspace       used 153483K, capacity 174332K, committed 174632K, reserved 1204224K
  class space    used 19089K, capacity 20130K, committed 20264K, reserved 1048576K
}
Event: 3605.365 GC heap before
{Heap before GC invocations=112 (full 22):
 PSYoungGen      total 327680K, used 297152K [0x00000000e7000000, 0x0000000100000000, 0x0000000100000000)
  eden space 257024K, 100% used [0x00000000e7000000,0x00000000f6b00000,0x00000000f6b00000)
  from space 70656K, 56% used [0x00000000f6b00000,0x00000000f9230000,0x00000000fb000000)
  to   space 68608K, 0% used [0x00000000fbd00000,0x00000000fbd00000,0x0000000100000000)
 ParOldGen       total 645632K, used 467054K [0x00000000b5000000, 0x00000000dc680000, 0x00000000e7000000)
  object space 645632K, 72% used [0x00000000b5000000,0x00000000d181bb50,0x00000000dc680000)
 Metaspace       used 153497K, capacity 174332K, committed 174632K, reserved 1204224K
  class space    used 19089K, capacity 20130K, committed 20264K, reserved 1048576K
Event: 3605.448 GC heap after
Heap after GC invocations=112 (full 22):
 PSYoungGen      total 331776K, used 33664K [0x00000000e7000000, 0x00000000ff900000, 0x0000000100000000)
  eden space 270336K, 0% used [0x00000000e7000000,0x00000000e7000000,0x00000000f7800000)
  from space 61440K, 54% used [0x00000000fbd00000,0x00000000fdde0000,0x00000000ff900000)
  to   space 66048K, 0% used [0x00000000f7800000,0x00000000f7800000,0x00000000fb880000)
 ParOldGen       total 645632K, used 507289K [0x00000000b5000000, 0x00000000dc680000, 0x00000000e7000000)
  object space 645632K, 78% used [0x00000000b5000000,0x00000000d3f666c0,0x00000000dc680000)
 Metaspace       used 153497K, capacity 174332K, committed 174632K, reserved 1204224K
  class space    used 19089K, capacity 20130K, committed 20264K, reserved 1048576K
}
Event: 3606.259 GC heap before
{Heap before GC invocations=113 (full 22):
 PSYoungGen      total 331776K, used 304000K [0x00000000e7000000, 0x00000000ff900000, 0x0000000100000000)
  eden space 270336K, 100% used [0x00000000e7000000,0x00000000f7800000,0x00000000f7800000)
  from space 61440K, 54% used [0x00000000fbd00000,0x00000000fdde0000,0x00000000ff900000)
  to   space 66048K, 0% used [0x00000000f7800000,0x00000000f7800000,0x00000000fb880000)
 ParOldGen       total 645632K, used 507289K [0x00000000b5000000, 0x00000000dc680000, 0x00000000e7000000)
  object space 645632K, 78% used [0x00000000b5000000,0x00000000d3f666c0,0x00000000dc680000)
 Metaspace       used 153511K, capacity 174332K, committed 174632K, reserved 1204224K
  class space    used 19089K, capacity 20130K, committed 20264K, reserved 1048576K
Event: 3606.324 GC heap after
Heap after GC invocations=113 (full 22):
 PSYoungGen      total 336384K, used 45632K [0x00000000e7000000, 0x0000000100000000, 0x0000000100000000)
  eden space 270336K, 0% used [0x00000000e7000000,0x00000000e7000000,0x00000000f7800000)
  from space 66048K, 69% used [0x00000000f7800000,0x00000000fa490000,0x00000000fb880000)
  to   space 66560K, 0% used [0x00000000fbf00000,0x00000000fbf00000,0x0000000100000000)
 ParOldGen       total 645632K, used 541077K [0x00000000b5000000, 0x00000000dc680000, 0x00000000e7000000)
  object space 645632K, 83% used [0x00000000b5000000,0x00000000d6065480,0x00000000dc680000)
 Metaspace       used 153511K, capacity 174332K, committed 174632K, reserved 1204224K
  class space    used 19089K, capacity 20130K, committed 20264K, reserved 1048576K
}
Event: 3607.007 GC heap before
{Heap before GC invocations=114 (full 22):
 PSYoungGen      total 336384K, used 315968K [0x00000000e7000000, 0x0000000100000000, 0x0000000100000000)
  eden space 270336K, 100% used [0x00000000e7000000,0x00000000f7800000,0x00000000f7800000)
  from space 66048K, 69% used [0x00000000f7800000,0x00000000fa490000,0x00000000fb880000)
  to   space 66560K, 0% used [0x00000000fbf00000,0x00000000fbf00000,0x0000000100000000)
 ParOldGen       total 645632K, used 541077K [0x00000000b5000000, 0x00000000dc680000, 0x00000000e7000000)
  object space 645632K, 83% used [0x00000000b5000000,0x00000000d6065480,0x00000000dc680000)
 Metaspace       used 153641K, capacity 174460K, committed 174632K, reserved 1204224K
  class space    used 19090K, capacity 20130K, committed 20264K, reserved 1048576K
Event: 3607.084 GC heap after
Heap after GC invocations=114 (full 22):
 PSYoungGen      total 343040K, used 22336K [0x00000000e7000000, 0x00000000fff80000, 0x0000000100000000)
  eden space 276992K, 0% used [0x00000000e7000000,0x00000000e7000000,0x00000000f7e80000)
  from space 66048K, 33% used [0x00000000fbf00000,0x00000000fd4d0000,0x00000000fff80000)
  to   space 66048K, 0% used [0x00000000f7e80000,0x00000000f7e80000,0x00000000fbf00000)
 ParOldGen       total 645632K, used 586823K [0x00000000b5000000, 0x00000000dc680000, 0x00000000e7000000)
  object space 645632K, 90% used [0x00000000b5000000,0x00000000d8d11ff0,0x00000000dc680000)
 Metaspace       used 153641K, capacity 174460K, committed 174632K, reserved 1204224K
  class space    used 19090K, capacity 20130K, committed 20264K, reserved 1048576K
}
Event: 3607.084 GC heap before
{Heap before GC invocations=115 (full 23):
 PSYoungGen      total 343040K, used 22336K [0x00000000e7000000, 0x00000000fff80000, 0x0000000100000000)
  eden space 276992K, 0% used [0x00000000e7000000,0x00000000e7000000,0x00000000f7e80000)
  from space 66048K, 33% used [0x00000000fbf00000,0x00000000fd4d0000,0x00000000fff80000)
  to   space 66048K, 0% used [0x00000000f7e80000,0x00000000f7e80000,0x00000000fbf00000)
 ParOldGen       total 645632K, used 586823K [0x00000000b5000000, 0x00000000dc680000, 0x00000000e7000000)
  object space 645632K, 90% used [0x00000000b5000000,0x00000000d8d11ff0,0x00000000dc680000)
 Metaspace       used 153641K, capacity 174460K, committed 174632K, reserved 1204224K
  class space    used 19090K, capacity 20130K, committed 20264K, reserved 1048576K

