<?xml version='1.0' encoding='UTF-8'?>
<testsuite hostname="vimalinxg16" name="zio.internal.NioSchedulerSpec" tests="10" errors="0" failures="6" skipped="0" time="380.705" timestamp="2026-04-03T09:38:49">
          <properties>
[...]
</properties>
          <testcase classname="zio.internal.NioSchedulerSpec" name=" - basic functionality - provides metrics" time="0.094">
                      
                    </testcase><testcase classname="zio.internal.NioSchedulerSpec" name=" - basic functionality - metrics report concurrency" time="0.094">
                      
                    </testcase><testcase classname="zio.internal.NioSchedulerSpec" name=" - integration with ZIO runtime - can be used as runtime executor" time="0.094">
                      
                    </testcase><testcase classname="zio.internal.NioSchedulerSpec" name=" - integration with ZIO runtime - fibers run on NioScheduler workers" time="0.094">
                      <failure message="java.lang.Exception:     [31m- fibers run on NioScheduler workers[0m - 41 ms
      [31m✗ [0m[1m[34m&quot;ZScheduler-Worker-11&quot;[0m[0m [31mdid not[0m [31mcontain[0m [1m[34m&quot;NioScheduler&quot;[0m[0m
      [1m[36m[34mthreadName[0m did not satisfy [36m[0m[0m[1m[33mcontainsString[0m[0m[1m[36m(&quot;NioScheduler&quot;)[0m[0m[0m
      [2mthreadName = [0m&quot;ZScheduler-Worker-11&quot;
      [36mat /home/vimalinx/MakeMoney/Pay-for-me/.autogamer/workspaces/zio__zio/core-tests/jvm-native/src/test/scala/zio/internal/NioSchedulerSpec.scala:101 [0m
" type="sbt.ForkMain$ForkError">sbt.ForkMain$ForkError: java.lang.Exception:     [31m- fibers run on NioScheduler workers[0m - 41 ms
      [31m✗ [0m[1m[34m&quot;ZScheduler-Worker-11&quot;[0m[0m [31mdid not[0m [31mcontain[0m [1m[34m&quot;NioScheduler&quot;[0m[0m
      [1m[36m[34mthreadName[0m did not satisfy [36m[0m[0m[1m[33mcontainsString[0m[0m[1m[36m(&quot;NioScheduler&quot;)[0m[0m[0m
      [2mthreadName = [0m&quot;ZScheduler-Worker-11&quot;
      [36mat /home/vimalinx/MakeMoney/Pay-for-me/.autogamer/workspaces/zio__zio/core-tests/jvm-native/src/test/scala/zio/internal/NioSchedulerSpec.scala:101 [0m

	at zio.test.sbt.ZTestEvent$.convertTestEvent(ZTestEvent.scala:39)
	at zio.test.sbt.ZTestEventHandlerSbt.handle(ZTestEventHandlerSbt.scala:27)
	at zio.test.TestExecutor$$anon$1.$anonfun$run$3(TestExecutor.scala:58)
	at zio.ZIO.$anonfun$$times$greater$1(ZIO.scala:89)
	at zio.internal.FiberRuntime.runLoop(FiberRuntime.scala:1174)
	at zio.internal.FiberRuntime.evaluateEffect(FiberRuntime.scala:432)
	at zio.internal.FiberRuntime.evaluateMessageWhileSuspended(FiberRuntime.scala:505)
	at zio.internal.FiberRuntime.drainQueueOnCurrentThread(FiberRuntime.scala:272)
	at zio.internal.FiberRuntime.run(FiberRuntime.scala:160)
	at java.base/java.util.concurrent.ThreadPoolExecutor.runWorker(ThreadPoolExecutor.java:1136)
	at java.base/java.util.concurrent.ThreadPoolExecutor$Worker.run(ThreadPoolExecutor.java:635)
	at java.base/java.lang.Thread.run(Thread.java:840)
</failure>
                    </testcase><testcase classname="zio.internal.NioSchedulerSpec" name=" - least-loaded scheduling - distributes tasks across workers" time="10.068">
                      <failure message="java.lang.Exception:     [31m- distributes tasks across workers[0m
Timeout of 10 s exceeded." type="sbt.ForkMain$ForkError">sbt.ForkMain$ForkError: java.lang.Exception:     [31m- distributes tasks across workers[0m
Timeout of 10 s exceeded.
	at zio.test.sbt.ZTestEvent$.convertTestEvent(ZTestEvent.scala:39)
	at zio.test.sbt.ZTestEventHandlerSbt.handle(ZTestEventHandlerSbt.scala:27)
	at zio.test.TestExecutor$$anon$1.$anonfun$run$3(TestExecutor.scala:58)
	at zio.ZIO.$anonfun$$times$greater$1(ZIO.scala:89)
	at zio.internal.FiberRuntime.runLoop(FiberRuntime.scala:1136)
	at zio.internal.FiberRuntime.evaluateEffect(FiberRuntime.scala:432)
	at zio.internal.FiberRuntime.evaluateMessageWhileSuspended(FiberRuntime.scala:505)
	at zio.internal.FiberRuntime.drainQueueOnCurrentThread(FiberRuntime.scala:272)
	at zio.internal.FiberRuntime.run(FiberRuntime.scala:160)
	at zio.internal.ZScheduler$$anon$3.run(ZScheduler.scala:404)
</failure>
                    </testcase><testcase classname="zio.internal.NioSchedulerSpec" name=" - integration with ZIO runtime - parallel fibers run correctly" time="10.065">
                      <failure message="java.lang.Exception:     [31m- parallel fibers run correctly[0m
Timeout of 10 s exceeded." type="sbt.ForkMain$ForkError">sbt.ForkMain$ForkError: java.lang.Exception:     [31m- parallel fibers run correctly[0m
Timeout of 10 s exceeded.
	at zio.test.sbt.ZTestEvent$.convertTestEvent(ZTestEvent.scala:39)
	at zio.test.sbt.ZTestEventHandlerSbt.handle(ZTestEventHandlerSbt.scala:27)
	at zio.test.TestExecutor$$anon$1.$anonfun$run$3(TestExecutor.scala:58)
	at zio.ZIO.$anonfun$$times$greater$1(ZIO.scala:89)
	at zio.internal.FiberRuntime.runLoop(FiberRuntime.scala:1174)
	at zio.internal.FiberRuntime.evaluateEffect(FiberRuntime.scala:432)
	at zio.internal.FiberRuntime.evaluateMessageWhileSuspended(FiberRuntime.scala:505)
	at zio.internal.FiberRuntime.drainQueueOnCurrentThread(FiberRuntime.scala:272)
	at zio.internal.FiberRuntime.run(FiberRuntime.scala:160)
	at java.base/java.util.concurrent.ThreadPoolExecutor.runWorker(ThreadPoolExecutor.java:1136)
	at java.base/java.util.concurrent.ThreadPoolExecutor$Worker.run(ThreadPoolExecutor.java:635)
	at java.base/java.lang.Thread.run(Thread.java:840)
</failure>
                    </testcase><testcase classname="zio.internal.NioSchedulerSpec" name=" - auto-blocking - can create with auto-blocking enabled" time="0.006">
                      
                    </testcase><testcase classname="zio.internal.NioSchedulerSpec" name=" - submitAndYield - works correctly" time="120.064">
                      <failure message="java.lang.Exception:     [31m- works correctly[0m
Timeout of 2 m exceeded." type="sbt.ForkMain$ForkError">sbt.ForkMain$ForkError: java.lang.Exception:     [31m- works correctly[0m
Timeout of 2 m exceeded.
	at zio.test.sbt.ZTestEvent$.convertTestEvent(ZTestEvent.scala:39)
	at zio.test.sbt.ZTestEventHandlerSbt.handle(ZTestEventHandlerSbt.scala:27)
	at zio.test.TestExecutor$$anon$1.$anonfun$run$3(TestExecutor.scala:58)
	at zio.ZIO.$anonfun$$times$greater$1(ZIO.scala:89)
	at zio.internal.FiberRuntime.runLoop(FiberRuntime.scala:1136)
	at zio.internal.FiberRuntime.evaluateEffect(FiberRuntime.scala:432)
	at zio.internal.FiberRuntime.evaluateMessageWhileSuspended(FiberRuntime.scala:505)
	at zio.internal.FiberRuntime.drainQueueOnCurrentThread(FiberRuntime.scala:272)
	at zio.internal.FiberRuntime.run(FiberRuntime.scala:160)
	at zio.internal.ZScheduler$$anon$3.run(ZScheduler.scala:404)
</failure>
                    </testcase><testcase classname="zio.internal.NioSchedulerSpec" name=" - basic functionality - executes multiple tasks" time="120.063">
                      <failure message="java.lang.Exception:     [31m- executes multiple tasks[0m
Timeout of 2 m exceeded." type="sbt.ForkMain$ForkError">sbt.ForkMain$ForkError: java.lang.Exception:     [31m- executes multiple tasks[0m
Timeout of 2 m exceeded.
	at zio.test.sbt.ZTestEvent$.convertTestEvent(ZTestEvent.scala:39)
	at zio.test.sbt.ZTestEventHandlerSbt.handle(ZTestEventHandlerSbt.scala:27)
	at zio.test.TestExecutor$$anon$1.$anonfun$run$3(TestExecutor.scala:58)
	at zio.ZIO.$anonfun$$times$greater$1(ZIO.scala:89)
	at zio.internal.FiberRuntime.runLoop(FiberRuntime.scala:1174)
	at zio.internal.FiberRuntime.evaluateEffect(FiberRuntime.scala:432)
	at zio.internal.FiberRuntime.evaluateMessageWhileSuspended(FiberRuntime.scala:505)
	at zio.internal.FiberRuntime.drainQueueOnCurrentThread(FiberRuntime.scala:272)
	at zio.internal.FiberRuntime.run(FiberRuntime.scala:160)
	at java.base/java.util.concurrent.ThreadPoolExecutor.runWorker(ThreadPoolExecutor.java:1136)
	at java.base/java.util.concurrent.ThreadPoolExecutor$Worker.run(ThreadPoolExecutor.java:635)
	at java.base/java.lang.Thread.run(Thread.java:840)
</failure>
                    </testcase><testcase classname="zio.internal.NioSchedulerSpec" name=" - basic functionality - can be created and used" time="120.063">
                      <failure message="java.lang.Exception:     [31m- can be created and used[0m
Timeout of 2 m exceeded." type="sbt.ForkMain$ForkError">sbt.ForkMain$ForkError: java.lang.Exception:     [31m- can be created and used[0m
Timeout of 2 m exceeded.
	at zio.test.sbt.ZTestEvent$.convertTestEvent(ZTestEvent.scala:39)
	at zio.test.sbt.ZTestEventHandlerSbt.handle(ZTestEventHandlerSbt.scala:27)
	at zio.test.TestExecutor$$anon$1.$anonfun$run$3(TestExecutor.scala:58)
	at zio.ZIO.$anonfun$$times$greater$1(ZIO.scala:89)
	at zio.internal.FiberRuntime.runLoop(FiberRuntime.scala:1136)
	at zio.internal.FiberRuntime.evaluateEffect(FiberRuntime.scala:432)
	at zio.internal.FiberRuntime.evaluateMessageWhileSuspended(FiberRuntime.scala:505)
	at zio.internal.FiberRuntime.drainQueueOnCurrentThread(FiberRuntime.scala:272)
	at zio.internal.FiberRuntime.run(FiberRuntime.scala:160)
	at java.base/java.util.concurrent.ThreadPoolExecutor.runWorker(ThreadPoolExecutor.java:1136)
	at java.base/java.util.concurrent.ThreadPoolExecutor$Worker.run(ThreadPoolExecutor.java:635)
	at java.base/java.lang.Thread.run(Thread.java:840)
</failure>
                    </testcase>
          <system-out><![CDATA[]]></system-out>
          <system-err><![CDATA[]]></system-err>
        </testsuite>